<?xml version="1.0" encoding="UTF-8"?>
<!-- Generated by org.testng.reporters.JUnitReportReporter -->
<testsuite skipped="0" hostname="DESKTOP-P0R6VB1" name="smokeTestAsiye.PositiveTest" tests="1" failures="0" timestamp="2020-06-02T23:38:01 EEST" time="25.427" errors="0">
  <testcase name="positiveLoginTest1" time="25.427" classname="smokeTestAsiye.PositiveTest"/>
  <system-out/>
</testsuite> <!-- smokeTestAsiye.PositiveTest -->
